[ERROR][conn.go:32]2022/04/03 09:52:16 [the database connect success]
[INFO][define.go:25]2022/04/03 09:52:16 [1212]
[ERROR][conn.go:32]2022/04/03 09:59:30 [the database connect success]
[INFO][define.go:25]2022/04/03 09:59:30 [1212]
[ERROR][conn.go:30]2022/04/03 11:27:05 [the database connect fail]
[INFO][define.go:25]2022/04/03 11:27:05 [1212]
[ERROR][conn.go:32]2022/04/03 11:30:37 [the database connect success]
[INFO][define.go:25]2022/04/03 11:30:37 [1212]
[ERROR][conn.go:32]2022/04/03 11:32:32 [the database connect success]
[INFO][define.go:25]2022/04/03 11:32:32 [1212]
[ERROR][conn.go:32]2022/04/03 11:34:14 [the database connect success]
[INFO][define.go:25]2022/04/03 11:34:14 [1212]
[ERROR][conn.go:32]2022/04/03 11:35:16 [the database connect success]
[INFO][define.go:25]2022/04/03 11:35:16 [1212]
[ERROR][audited.go:70]2022/04/03 12:43:47 [no rows in result set]
[ERROR][conn.go:32]2022/04/03 12:44:08 [the database connect success]
[INFO][define.go:25]2022/04/03 12:44:08 [1212]
[ERROR][login.go:57]2022/04/03 13:27:45 [no rows in result set]
[ERROR][conn.go:32]2022/04/03 17:23:38 [the database connect success]
[INFO][define.go:25]2022/04/03 17:23:38 [1212]
[ERROR][conn.go:32]2022/04/03 17:31:46 [the database connect success]
[INFO][define.go:25]2022/04/03 17:31:46 [1212]
