<<<<<<< HEAD
[ERROR][conn.go:32]2022/04/01 00:07:25 [the database connect success]
[INFO][define.go:25]2022/04/01 00:07:25 [1212]
[ERROR][conn.go:32]2022/04/01 16:04:11 [the database connect success]
[INFO][define.go:25]2022/04/01 16:04:11 [1212]
[ERROR][conn.go:32]2022/04/01 16:04:51 [the database connect success]
[INFO][define.go:25]2022/04/01 16:04:51 [1212]
<<<<<<< HEAD
[ERROR][conn.go:32]2022/04/01 19:15:03 [the database connect success]
[INFO][define.go:25]2022/04/01 19:15:03 [1212]
[ERROR][conn.go:32]2022/04/01 19:15:14 [the database connect success]
[INFO][define.go:25]2022/04/01 19:15:14 [1212]
[ERROR][conn.go:32]2022/04/01 19:15:40 [the database connect success]
[INFO][define.go:25]2022/04/01 19:15:40 [1212]
[ERROR][conn.go:30]2022/04/01 19:44:55 [the database connect fail]
[INFO][define.go:25]2022/04/01 19:44:55 [1212]
[ERROR][conn.go:32]2022/04/01 19:49:28 [the database connect success]
[INFO][define.go:25]2022/04/01 19:49:28 [1212]
[ERROR][conn.go:32]2022/04/01 21:21:22 [the database connect success]
[INFO][define.go:25]2022/04/01 21:21:22 [1212]
[ERROR][conn.go:32]2022/04/01 21:41:27 [the database connect success]
[INFO][define.go:25]2022/04/01 21:41:27 [1212]
[ERROR][deleteService.go:68]2022/04/01 21:47:28 [remove /resources/6915663985035579392.png: The system cannot find the file specified.]
=======
[ERROR][conn.go:32]2022/04/01 19:14:09 [the database connect success]
[INFO][define.go:25]2022/04/01 19:14:09 [1212]
[ERROR][login.go:57]2022/04/01 19:21:40 [no rows in result set]
[ERROR][conn.go:32]2022/04/01 19:40:37 [the database connect success]
[INFO][define.go:25]2022/04/01 19:40:37 [1212]
[ERROR][conn.go:32]2022/04/01 19:40:46 [the database connect success]
[INFO][define.go:25]2022/04/01 19:40:46 [1212]
[ERROR][conn.go:32]2022/04/01 20:06:46 [the database connect success]
[INFO][define.go:25]2022/04/01 20:06:46 [1212]
=======
[ERROR][conn.go:32]2022/04/01 19:37:05 [the database connect success]
[INFO][define.go:25]2022/04/01 19:37:05 [1212]
[ERROR][conn.go:32]2022/04/01 19:41:45 [the database connect success]
[INFO][define.go:25]2022/04/01 19:41:45 [1212]
[ERROR][conn.go:32]2022/04/01 19:45:50 [the database connect success]
[INFO][define.go:25]2022/04/01 19:45:50 [1212]
[ERROR][conn.go:32]2022/04/01 19:45:58 [the database connect success]
[INFO][define.go:25]2022/04/01 19:45:58 [1212]
[ERROR][conn.go:32]2022/04/01 19:50:06 [the database connect success]
[INFO][define.go:25]2022/04/01 19:50:06 [1212]
[ERROR][conn.go:32]2022/04/01 19:52:02 [the database connect success]
[INFO][define.go:25]2022/04/01 19:52:02 [1212]
[ERROR][conn.go:32]2022/04/01 19:52:53 [the database connect success]
[INFO][define.go:25]2022/04/01 19:52:53 [1212]
[ERROR][conn.go:32]2022/04/01 19:54:44 [the database connect success]
[INFO][define.go:25]2022/04/01 19:54:44 [1212]
>>>>>>> f09038fb47dac34d235a866950a90080da38291b
[ERROR][conn.go:32]2022/04/01 20:09:40 [the database connect success]
[INFO][define.go:25]2022/04/01 20:09:40 [1212]
[ERROR][conn.go:32]2022/04/01 20:09:47 [the database connect success]
[INFO][define.go:25]2022/04/01 20:09:47 [1212]
[ERROR][conn.go:32]2022/04/01 20:10:25 [the database connect success]
[INFO][define.go:25]2022/04/01 20:10:25 [1212]
[ERROR][conn.go:32]2022/04/01 20:10:42 [the database connect success]
[INFO][define.go:25]2022/04/01 20:10:42 [1212]
[ERROR][conn.go:32]2022/04/01 20:11:18 [the database connect success]
[INFO][define.go:25]2022/04/01 20:11:18 [1212]
[ERROR][login.go:57]2022/04/01 20:14:01 [no rows in result set]
[ERROR][conn.go:32]2022/04/01 21:55:43 [the database connect success]
[INFO][define.go:25]2022/04/01 21:55:43 [1212]
[ERROR][login.go:57]2022/04/01 21:57:24 [no rows in result set]
[ERROR][login.go:57]2022/04/01 21:57:28 [no rows in result set]
[ERROR][conn.go:30]2022/04/01 23:38:41 [the database connect fail]
[INFO][define.go:25]2022/04/01 23:38:41 [1212]
[ERROR][conn.go:30]2022/04/01 23:40:12 [the database connect fail]
[INFO][define.go:25]2022/04/01 23:40:12 [1212]
[ERROR][conn.go:30]2022/04/01 23:41:02 [the database connect fail]
[INFO][define.go:25]2022/04/01 23:41:02 [1212]
[ERROR][conn.go:30]2022/04/01 23:46:12 [the database connect fail]
[INFO][define.go:25]2022/04/01 23:46:12 [1212]
[ERROR][conn.go:30]2022/04/01 23:51:21 [the database connect fail]
[INFO][define.go:25]2022/04/01 23:51:21 [1212]
[ERROR][conn.go:30]2022/04/01 23:55:14 [the database connect fail]
[INFO][define.go:25]2022/04/01 23:55:14 [1212]
[ERROR][conn.go:30]2022/04/01 23:58:31 [the database connect fail]
[INFO][define.go:25]2022/04/01 23:58:31 [1212]
[ERROR][conn.go:30]2022/04/01 23:59:40 [the database connect fail]
[INFO][define.go:25]2022/04/01 23:59:40 [1212]
>>>>>>> bf9ebba91c62f3aeb28bd12b7ed24defe026d2bc
